<?xml version="1.0" ?>
<coverage version="7.6.7" timestamp="1732035266526" lines-valid="2" lines-covered="2" line-rate="1" branches-valid="0" branches-covered="0" branch-rate="1" complexity="0">
	<!-- Generated by coverage.py: https://coverage.readthedocs.io/en/7.6.7 -->
	<!-- Based on https://raw.githubusercontent.com/cobertura/web/master/htdocs/xml/coverage-04.dtd -->
	<sources>
		<source>main.py</source>
		<source>src</source>
	</sources>
	<packages>
		<package name="." line-rate="1" branch-rate="1" complexity="0">
			<classes>
				<class name="__init__.py" filename="__init__.py" complexity="0" line-rate="1" branch-rate="1">
					<methods/>
					<lines/>
				</class>
			</classes>
		</package>
		<package name="pytorch" line-rate="1" branch-rate="1" complexity="0">
			<classes>
				<class name="__init__.py" filename="pytorch/__init__.py" complexity="0" line-rate="1" branch-rate="1">
					<methods/>
					<lines/>
				</class>
				<class name="core.py" filename="pytorch/core.py" complexity="0" line-rate="1" branch-rate="1">
					<methods/>
					<lines>
						<line number="1" hits="1"/>
						<line number="2" hits="1"/>
					</lines>
				</class>
				<class name="utils.py" filename="pytorch/utils.py" complexity="0" line-rate="1" branch-rate="1">
					<methods/>
					<lines/>
				</class>
			</classes>
		</package>
		<package name="pytorch.datasets" line-rate="1" branch-rate="1" complexity="0">
			<classes>
				<class name="__init__.py" filename="pytorch/datasets/__init__.py" complexity="0" line-rate="1" branch-rate="1">
					<methods/>
					<lines/>
				</class>
				<class name="mnist_loader.py" filename="pytorch/datasets/mnist_loader.py" complexity="0" line-rate="1" branch-rate="1">
					<methods/>
					<lines/>
				</class>
			</classes>
		</package>
		<package name="pytorch.models" line-rate="1" branch-rate="1" complexity="0">
			<classes>
				<class name="__init__.py" filename="pytorch/models/__init__.py" complexity="0" line-rate="1" branch-rate="1">
					<methods/>
					<lines/>
				</class>
				<class name="cnn.py" filename="pytorch/models/cnn.py" complexity="0" line-rate="1" branch-rate="1">
					<methods/>
					<lines/>
				</class>
			</classes>
		</package>
		<package name="pytorch.training" line-rate="1" branch-rate="1" complexity="0">
			<classes>
				<class name="__init__.py" filename="pytorch/training/__init__.py" complexity="0" line-rate="1" branch-rate="1">
					<methods/>
					<lines/>
				</class>
				<class name="trainer.py" filename="pytorch/training/trainer.py" complexity="0" line-rate="1" branch-rate="1">
					<methods/>
					<lines/>
				</class>
			</classes>
		</package>
	</packages>
</coverage>
